mode: set
github.com/pakkasys/fluidapi/database/entity/count.go:19.16,23.16 3 0
github.com/pakkasys/fluidapi/database/entity/count.go:23.16,25.3 1 0
github.com/pakkasys/fluidapi/database/entity/count.go:26.2,29.72 3 0
github.com/pakkasys/fluidapi/database/entity/count.go:29.72,31.3 1 0
github.com/pakkasys/fluidapi/database/entity/count.go:33.2,33.19 1 0
github.com/pakkasys/fluidapi/database/entity/count.go:39.19,50.2 3 0
github.com/pakkasys/fluidapi/database/entity/create.go:23.18,27.2 1 0
github.com/pakkasys/fluidapi/database/entity/create.go:33.18,34.24 1 0
github.com/pakkasys/fluidapi/database/entity/create.go:34.24,36.3 1 0
github.com/pakkasys/fluidapi/database/entity/create.go:37.2,39.3 1 0
github.com/pakkasys/fluidapi/database/entity/create.go:42.69,43.16 1 1
github.com/pakkasys/fluidapi/database/entity/create.go:43.16,45.9 2 1
github.com/pakkasys/fluidapi/database/entity/create.go:45.9,46.48 1 0
github.com/pakkasys/fluidapi/database/entity/create.go:46.48,48.5 1 0
github.com/pakkasys/fluidapi/database/entity/create.go:48.10,48.58 1 0
github.com/pakkasys/fluidapi/database/entity/create.go:48.58,50.5 1 0
github.com/pakkasys/fluidapi/database/entity/create.go:52.3,52.16 1 1
github.com/pakkasys/fluidapi/database/entity/create.go:55.2,56.16 2 1
github.com/pakkasys/fluidapi/database/entity/create.go:56.16,58.3 1 0
github.com/pakkasys/fluidapi/database/entity/create.go:60.2,60.16 1 1
github.com/pakkasys/fluidapi/database/entity/create.go:63.57,65.33 2 1
github.com/pakkasys/fluidapi/database/entity/create.go:65.33,67.3 1 1
github.com/pakkasys/fluidapi/database/entity/create.go:68.2,70.20 2 1
github.com/pakkasys/fluidapi/database/entity/create.go:76.19,93.2 5 1
github.com/pakkasys/fluidapi/database/entity/create.go:99.23,103.16 3 0
github.com/pakkasys/fluidapi/database/entity/create.go:103.16,105.3 1 0
github.com/pakkasys/fluidapi/database/entity/create.go:106.2,109.16 3 0
github.com/pakkasys/fluidapi/database/entity/create.go:109.16,111.3 1 0
github.com/pakkasys/fluidapi/database/entity/create.go:113.2,113.20 1 0
github.com/pakkasys/fluidapi/database/entity/create.go:119.19,120.24 1 1
github.com/pakkasys/fluidapi/database/entity/create.go:120.24,122.3 1 0
github.com/pakkasys/fluidapi/database/entity/create.go:124.2,129.34 5 1
github.com/pakkasys/fluidapi/database/entity/create.go:129.34,132.25 3 1
github.com/pakkasys/fluidapi/database/entity/create.go:132.25,134.4 1 1
github.com/pakkasys/fluidapi/database/entity/create.go:135.3,136.43 2 1
github.com/pakkasys/fluidapi/database/entity/create.go:139.2,146.25 2 1
github.com/pakkasys/fluidapi/database/entity/create.go:153.23,157.16 3 0
github.com/pakkasys/fluidapi/database/entity/create.go:157.16,159.3 1 0
github.com/pakkasys/fluidapi/database/entity/create.go:160.2,163.16 3 0
github.com/pakkasys/fluidapi/database/entity/create.go:163.16,165.3 1 0
github.com/pakkasys/fluidapi/database/entity/create.go:167.2,167.20 1 0
github.com/pakkasys/fluidapi/database/entity/delete.go:17.70,22.2 1 0
github.com/pakkasys/fluidapi/database/entity/delete.go:29.18,36.16 2 0
github.com/pakkasys/fluidapi/database/entity/delete.go:36.16,38.3 1 0
github.com/pakkasys/fluidapi/database/entity/delete.go:40.2,41.16 2 0
github.com/pakkasys/fluidapi/database/entity/delete.go:41.16,43.3 1 0
github.com/pakkasys/fluidapi/database/entity/delete.go:45.2,45.26 1 0
github.com/pakkasys/fluidapi/database/entity/delete.go:53.23,57.27 3 0
github.com/pakkasys/fluidapi/database/entity/delete.go:57.27,59.3 1 0
github.com/pakkasys/fluidapi/database/entity/delete.go:61.2,67.17 2 0
github.com/pakkasys/fluidapi/database/entity/delete.go:67.17,69.24 2 0
github.com/pakkasys/fluidapi/database/entity/delete.go:69.24,71.4 1 0
github.com/pakkasys/fluidapi/database/entity/delete.go:73.3,74.16 2 0
github.com/pakkasys/fluidapi/database/entity/delete.go:74.16,76.4 1 0
github.com/pakkasys/fluidapi/database/entity/delete.go:79.2,80.16 2 0
github.com/pakkasys/fluidapi/database/entity/delete.go:80.16,82.3 1 0
github.com/pakkasys/fluidapi/database/entity/delete.go:83.2,86.16 3 0
github.com/pakkasys/fluidapi/database/entity/delete.go:86.16,88.3 1 0
github.com/pakkasys/fluidapi/database/entity/delete.go:90.2,90.17 1 0
github.com/pakkasys/fluidapi/database/entity/exec.go:16.33,18.16 2 0
github.com/pakkasys/fluidapi/database/entity/exec.go:18.16,20.3 1 0
github.com/pakkasys/fluidapi/database/entity/exec.go:22.2,23.16 2 0
github.com/pakkasys/fluidapi/database/entity/exec.go:23.16,26.3 2 0
github.com/pakkasys/fluidapi/database/entity/exec.go:28.2,28.29 1 0
github.com/pakkasys/fluidapi/database/entity/exec.go:36.23,38.16 2 0
github.com/pakkasys/fluidapi/database/entity/exec.go:38.16,40.3 1 0
github.com/pakkasys/fluidapi/database/entity/exec.go:41.2,44.16 3 0
github.com/pakkasys/fluidapi/database/entity/exec.go:44.16,46.3 1 0
github.com/pakkasys/fluidapi/database/entity/exec.go:48.2,48.20 1 0
github.com/pakkasys/fluidapi/database/entity/get.go:23.34,27.2 1 0
github.com/pakkasys/fluidapi/database/entity/get.go:29.59,33.2 1 0
github.com/pakkasys/fluidapi/database/entity/get.go:35.34,37.2 1 0
github.com/pakkasys/fluidapi/database/entity/get.go:39.54,42.2 2 0
github.com/pakkasys/fluidapi/database/entity/get.go:49.15,69.2 2 0
github.com/pakkasys/fluidapi/database/entity/get.go:77.15,84.16 2 0
github.com/pakkasys/fluidapi/database/entity/get.go:84.16,85.27 1 0
github.com/pakkasys/fluidapi/database/entity/get.go:85.27,87.4 1 0
github.com/pakkasys/fluidapi/database/entity/get.go:88.3,88.18 1 0
github.com/pakkasys/fluidapi/database/entity/get.go:91.2,91.20 1 0
github.com/pakkasys/fluidapi/database/entity/get.go:99.16,112.2 2 0
github.com/pakkasys/fluidapi/database/entity/get.go:120.16,122.16 2 0
github.com/pakkasys/fluidapi/database/entity/get.go:122.16,123.27 1 0
github.com/pakkasys/fluidapi/database/entity/get.go:123.27,125.4 1 0
github.com/pakkasys/fluidapi/database/entity/get.go:126.3,126.18 1 0
github.com/pakkasys/fluidapi/database/entity/get.go:129.2,129.22 1 0
github.com/pakkasys/fluidapi/database/entity/get.go:137.16,139.16 2 0
github.com/pakkasys/fluidapi/database/entity/get.go:139.16,141.3 1 0
github.com/pakkasys/fluidapi/database/entity/get.go:142.2,146.16 4 0
github.com/pakkasys/fluidapi/database/entity/get.go:146.16,148.3 1 0
github.com/pakkasys/fluidapi/database/entity/get.go:150.2,150.22 1 0
github.com/pakkasys/fluidapi/database/entity/get.go:158.15,160.16 2 0
github.com/pakkasys/fluidapi/database/entity/get.go:160.16,162.3 1 0
github.com/pakkasys/fluidapi/database/entity/get.go:163.2,167.16 4 0
github.com/pakkasys/fluidapi/database/entity/get.go:167.16,169.3 1 0
github.com/pakkasys/fluidapi/database/entity/get.go:171.2,171.21 1 0
github.com/pakkasys/fluidapi/database/entity/get.go:174.67,175.27 1 0
github.com/pakkasys/fluidapi/database/entity/get.go:175.27,177.3 1 0
github.com/pakkasys/fluidapi/database/entity/get.go:179.2,180.41 2 0
github.com/pakkasys/fluidapi/database/entity/get.go:180.41,182.3 1 0
github.com/pakkasys/fluidapi/database/entity/get.go:183.2,183.26 1 0
github.com/pakkasys/fluidapi/database/entity/get.go:186.43,188.29 2 0
github.com/pakkasys/fluidapi/database/entity/get.go:188.29,196.3 1 0
github.com/pakkasys/fluidapi/database/entity/get.go:197.2,197.19 1 0
github.com/pakkasys/fluidapi/database/entity/get.go:200.61,204.27 3 0
github.com/pakkasys/fluidapi/database/entity/get.go:204.27,206.3 1 0
github.com/pakkasys/fluidapi/database/entity/get.go:208.2,208.33 1 0
github.com/pakkasys/fluidapi/database/entity/get.go:214.19,232.22 4 0
github.com/pakkasys/fluidapi/database/entity/get.go:232.22,234.3 1 0
github.com/pakkasys/fluidapi/database/entity/get.go:236.2,236.27 1 0
github.com/pakkasys/fluidapi/database/entity/get.go:239.64,240.17 1 0
github.com/pakkasys/fluidapi/database/entity/get.go:240.17,242.3 1 0
github.com/pakkasys/fluidapi/database/entity/get.go:244.2,248.3 1 0
github.com/pakkasys/fluidapi/database/entity/get.go:253.10,256.22 2 0
github.com/pakkasys/fluidapi/database/entity/get.go:256.22,259.36 2 0
github.com/pakkasys/fluidapi/database/entity/get.go:259.36,266.4 1 0
github.com/pakkasys/fluidapi/database/entity/get.go:268.3,271.4 1 0
github.com/pakkasys/fluidapi/database/entity/get.go:274.2,274.20 1 0
github.com/pakkasys/fluidapi/database/entity/get.go:280.16,281.31 1 0
github.com/pakkasys/fluidapi/database/entity/get.go:281.31,283.3 1 0
github.com/pakkasys/fluidapi/database/entity/get.go:285.2,287.18 2 0
github.com/pakkasys/fluidapi/database/entity/get.go:287.18,290.17 3 0
github.com/pakkasys/fluidapi/database/entity/get.go:290.17,292.4 1 0
github.com/pakkasys/fluidapi/database/entity/get.go:293.3,293.38 1 0
github.com/pakkasys/fluidapi/database/entity/get.go:296.2,296.35 1 0
github.com/pakkasys/fluidapi/database/entity/get.go:296.35,298.3 1 0
github.com/pakkasys/fluidapi/database/entity/get.go:300.2,300.22 1 0
github.com/pakkasys/fluidapi/database/entity/get.go:307.9,309.16 2 0
github.com/pakkasys/fluidapi/database/entity/get.go:309.16,311.3 1 0
github.com/pakkasys/fluidapi/database/entity/get.go:312.2,312.18 1 0
github.com/pakkasys/fluidapi/database/entity/helpers.go:16.16,20.33 1 0
github.com/pakkasys/fluidapi/database/entity/helpers.go:20.33,27.4 1 0
github.com/pakkasys/fluidapi/database/entity/helpers.go:36.16,40.33 1 0
github.com/pakkasys/fluidapi/database/entity/helpers.go:40.33,42.4 1 0
github.com/pakkasys/fluidapi/database/entity/options.go:16.28,18.2 1 0
github.com/pakkasys/fluidapi/database/entity/options.go:20.69,23.2 2 0
github.com/pakkasys/fluidapi/database/entity/options.go:25.60,28.2 2 0
github.com/pakkasys/fluidapi/database/entity/options.go:30.59,33.2 2 0
github.com/pakkasys/fluidapi/database/entity/options.go:35.57,38.2 2 0
github.com/pakkasys/fluidapi/database/entity/options.go:40.75,43.2 2 0
github.com/pakkasys/fluidapi/database/entity/update.go:20.49,25.2 1 0
github.com/pakkasys/fluidapi/database/entity/update.go:32.18,33.23 1 0
github.com/pakkasys/fluidapi/database/entity/update.go:33.23,35.3 1 0
github.com/pakkasys/fluidapi/database/entity/update.go:37.2,44.3 1 0
github.com/pakkasys/fluidapi/database/entity/update.go:50.18,51.16 1 0
github.com/pakkasys/fluidapi/database/entity/update.go:51.16,53.9 2 0
github.com/pakkasys/fluidapi/database/entity/update.go:53.9,54.48 1 0
github.com/pakkasys/fluidapi/database/entity/update.go:54.48,56.5 1 0
github.com/pakkasys/fluidapi/database/entity/update.go:56.10,56.58 1 0
github.com/pakkasys/fluidapi/database/entity/update.go:56.58,58.5 1 0
github.com/pakkasys/fluidapi/database/entity/update.go:60.3,60.16 1 0
github.com/pakkasys/fluidapi/database/entity/update.go:63.2,64.16 2 0
github.com/pakkasys/fluidapi/database/entity/update.go:64.16,66.3 1 0
github.com/pakkasys/fluidapi/database/entity/update.go:68.2,68.26 1 0
github.com/pakkasys/fluidapi/database/entity/update.go:76.23,80.16 3 0
github.com/pakkasys/fluidapi/database/entity/update.go:80.16,82.3 1 0
github.com/pakkasys/fluidapi/database/entity/update.go:83.2,86.16 3 0
github.com/pakkasys/fluidapi/database/entity/update.go:86.16,88.3 1 0
github.com/pakkasys/fluidapi/database/entity/update.go:90.2,90.17 1 0
github.com/pakkasys/fluidapi/database/entity/update.go:97.19,109.2 4 0
github.com/pakkasys/fluidapi/database/entity/update.go:111.51,113.27 2 0
github.com/pakkasys/fluidapi/database/entity/update.go:113.27,115.3 1 0
github.com/pakkasys/fluidapi/database/entity/update.go:116.2,116.20 1 0
github.com/pakkasys/fluidapi/database/entity/update.go:121.19,125.33 3 0
github.com/pakkasys/fluidapi/database/entity/update.go:125.33,131.3 2 0
github.com/pakkasys/fluidapi/database/entity/update.go:133.2,133.51 1 0
github.com/pakkasys/fluidapi/database/entity/upsert.go:16.18,20.2 1 1
github.com/pakkasys/fluidapi/database/entity/upsert.go:27.18,31.2 1 1
github.com/pakkasys/fluidapi/database/entity/upsert.go:37.19,41.41 3 1
github.com/pakkasys/fluidapi/database/entity/upsert.go:41.41,48.3 1 1
github.com/pakkasys/fluidapi/database/entity/upsert.go:50.2,57.28 2 1
github.com/pakkasys/fluidapi/database/entity/upsert.go:65.23,66.33 1 1
github.com/pakkasys/fluidapi/database/entity/upsert.go:66.33,68.3 1 1
github.com/pakkasys/fluidapi/database/entity/upsert.go:69.2,69.42 1 1
github.com/pakkasys/fluidapi/database/entity/upsert.go:69.42,71.3 1 1
github.com/pakkasys/fluidapi/database/entity/upsert.go:73.2,76.16 3 1
github.com/pakkasys/fluidapi/database/entity/upsert.go:76.16,78.3 1 1
github.com/pakkasys/fluidapi/database/entity/upsert.go:79.2,82.16 3 1
github.com/pakkasys/fluidapi/database/entity/upsert.go:82.16,84.3 1 1
github.com/pakkasys/fluidapi/database/entity/upsert.go:86.2,86.20 1 1
github.com/pakkasys/fluidapi/database/entity/upsert.go:93.19,94.24 1 1
github.com/pakkasys/fluidapi/database/entity/upsert.go:94.24,96.3 1 1
github.com/pakkasys/fluidapi/database/entity/upsert.go:98.2,99.41 2 1
github.com/pakkasys/fluidapi/database/entity/upsert.go:99.41,105.3 1 1
github.com/pakkasys/fluidapi/database/entity/upsert.go:107.2,111.27 4 1
github.com/pakkasys/fluidapi/database/entity/upsert.go:111.27,114.3 2 1
github.com/pakkasys/fluidapi/database/entity/upsert.go:115.2,117.31 2 1
github.com/pakkasys/fluidapi/database/entity/upsert.go:125.23,126.24 1 1
github.com/pakkasys/fluidapi/database/entity/upsert.go:126.24,128.3 1 1
github.com/pakkasys/fluidapi/database/entity/upsert.go:129.2,129.33 1 1
github.com/pakkasys/fluidapi/database/entity/upsert.go:129.33,131.3 1 1
github.com/pakkasys/fluidapi/database/entity/upsert.go:132.2,132.42 1 1
github.com/pakkasys/fluidapi/database/entity/upsert.go:132.42,134.3 1 1
github.com/pakkasys/fluidapi/database/entity/upsert.go:136.2,138.16 3 1
github.com/pakkasys/fluidapi/database/entity/upsert.go:138.16,140.3 1 1
github.com/pakkasys/fluidapi/database/entity/upsert.go:141.2,144.16 3 1
github.com/pakkasys/fluidapi/database/entity/upsert.go:144.16,146.3 1 1
github.com/pakkasys/fluidapi/database/entity/upsert.go:148.2,148.20 1 1
