mode: set
github.com/pakkasys/fluidapi/core/api/endpoint.go:20.13,26.2 1 1
github.com/pakkasys/fluidapi/core/api/error.go:11.32,13.2 1 1
github.com/pakkasys/fluidapi/core/api/middleware.go:12.79,13.45 1 1
github.com/pakkasys/fluidapi/core/api/middleware.go:13.45,15.3 1 1
github.com/pakkasys/fluidapi/core/api/middleware.go:16.2,16.10 1 1
github.com/pakkasys/fluidapi/core/api/middleware.go:26.52,30.2 1 1
github.com/pakkasys/fluidapi/core/api/middleware.go:46.62,50.2 1 1
github.com/pakkasys/fluidapi/core/api/middleware.go:53.63,55.2 1 1
github.com/pakkasys/fluidapi/core/api/middleware.go:59.76,62.2 2 1
github.com/pakkasys/fluidapi/core/api/middleware.go:69.29,72.2 2 1
github.com/pakkasys/fluidapi/core/api/middleware.go:79.29,82.2 2 1
github.com/pakkasys/fluidapi/core/api/middleware.go:89.29,95.2 2 1
github.com/pakkasys/fluidapi/core/client/json.go:38.37,42.16 3 1
github.com/pakkasys/fluidapi/core/client/json.go:42.16,44.3 1 1
github.com/pakkasys/fluidapi/core/client/json.go:46.2,51.32 2 1
github.com/pakkasys/fluidapi/core/client/json.go:51.32,53.3 1 1
github.com/pakkasys/fluidapi/core/client/json.go:55.2,61.16 2 1
github.com/pakkasys/fluidapi/core/client/json.go:61.16,63.3 1 1
github.com/pakkasys/fluidapi/core/client/json.go:65.2,69.8 1 1
github.com/pakkasys/fluidapi/core/client/json.go:74.25,75.20 1 1
github.com/pakkasys/fluidapi/core/client/json.go:75.20,83.36 1 1
github.com/pakkasys/fluidapi/core/client/json.go:83.36,91.5 1 1
github.com/pakkasys/fluidapi/core/client/json.go:93.8,95.3 1 1
github.com/pakkasys/fluidapi/core/client/url.go:27.30,29.2 1 1
github.com/pakkasys/fluidapi/core/client/url.go:31.46,33.2 1 1
github.com/pakkasys/fluidapi/core/client/url.go:35.47,38.2 2 1
github.com/pakkasys/fluidapi/core/client/url.go:40.36,42.35 2 1
github.com/pakkasys/fluidapi/core/client/url.go:42.35,44.3 1 1
github.com/pakkasys/fluidapi/core/client/url.go:45.2,45.14 1 1
github.com/pakkasys/fluidapi/core/client/url.go:53.59,56.33 3 1
github.com/pakkasys/fluidapi/core/client/url.go:56.33,59.17 3 1
github.com/pakkasys/fluidapi/core/client/url.go:59.17,61.4 1 1
github.com/pakkasys/fluidapi/core/client/url.go:63.2,64.21 2 1
github.com/pakkasys/fluidapi/core/client/url.go:68.59,69.31 1 1
github.com/pakkasys/fluidapi/core/client/url.go:69.31,70.28 1 1
github.com/pakkasys/fluidapi/core/client/url.go:71.18,72.27 1 1
github.com/pakkasys/fluidapi/core/client/url.go:73.23,74.38 1 1
github.com/pakkasys/fluidapi/core/client/url.go:85.76,87.2 1 1
github.com/pakkasys/fluidapi/core/client/url.go:89.78,90.18 1 1
github.com/pakkasys/fluidapi/core/client/url.go:91.38,92.44 1 1
github.com/pakkasys/fluidapi/core/client/url.go:93.22,94.43 1 1
github.com/pakkasys/fluidapi/core/client/url.go:95.49,96.40 1 1
github.com/pakkasys/fluidapi/core/client/url.go:97.20,98.41 1 1
github.com/pakkasys/fluidapi/core/client/url.go:99.21,100.42 1 1
github.com/pakkasys/fluidapi/core/client/url.go:101.22,102.43 1 1
github.com/pakkasys/fluidapi/core/client/url.go:103.10,107.4 1 1
github.com/pakkasys/fluidapi/core/client/url.go:111.80,112.16 1 1
github.com/pakkasys/fluidapi/core/client/url.go:112.16,114.3 1 1
github.com/pakkasys/fluidapi/core/client/url.go:115.2,115.12 1 1
github.com/pakkasys/fluidapi/core/client/url.go:118.79,121.2 2 1
github.com/pakkasys/fluidapi/core/client/url.go:123.76,126.2 2 1
github.com/pakkasys/fluidapi/core/client/url.go:128.77,131.2 2 1
github.com/pakkasys/fluidapi/core/client/url.go:133.78,134.31 1 1
github.com/pakkasys/fluidapi/core/client/url.go:134.31,137.69 3 1
github.com/pakkasys/fluidapi/core/client/url.go:137.69,139.4 1 1
github.com/pakkasys/fluidapi/core/client/url.go:141.2,141.12 1 1
github.com/pakkasys/fluidapi/core/client/url.go:144.79,145.45 1 1
github.com/pakkasys/fluidapi/core/client/url.go:145.45,148.3 2 1
github.com/pakkasys/fluidapi/core/client/url.go:149.2,149.36 1 1
github.com/pakkasys/fluidapi/core/client/url.go:149.36,150.67 1 1
github.com/pakkasys/fluidapi/core/client/url.go:150.67,152.4 1 1
github.com/pakkasys/fluidapi/core/client/url.go:154.2,154.12 1 1
github.com/pakkasys/fluidapi/core/client/url.go:162.9,166.25 3 1
github.com/pakkasys/fluidapi/core/client/url.go:166.25,167.62 1 1
github.com/pakkasys/fluidapi/core/client/url.go:167.62,169.4 1 1
github.com/pakkasys/fluidapi/core/client/url.go:170.3,170.13 1 1
github.com/pakkasys/fluidapi/core/client/url.go:173.2,174.45 2 1
github.com/pakkasys/fluidapi/core/client/url.go:174.45,179.3 1 1
github.com/pakkasys/fluidapi/core/client/url.go:181.2,181.20 1 1
github.com/pakkasys/fluidapi/core/client/url.go:181.20,183.3 1 1
github.com/pakkasys/fluidapi/core/client/url.go:184.2,184.64 1 1
github.com/pakkasys/fluidapi/core/client/url.go:184.64,186.3 1 1
github.com/pakkasys/fluidapi/core/client/url.go:188.2,188.12 1 1
github.com/pakkasys/fluidapi/core/client/url.go:196.16,197.31 1 1
github.com/pakkasys/fluidapi/core/client/url.go:197.31,202.3 1 1
github.com/pakkasys/fluidapi/core/client/url.go:203.2,206.15 3 1
github.com/pakkasys/fluidapi/core/client/url.go:206.15,208.3 1 1
github.com/pakkasys/fluidapi/core/client/url.go:209.2,209.23 1 1
github.com/pakkasys/fluidapi/core/client/url.go:209.23,211.24 2 1
github.com/pakkasys/fluidapi/core/client/url.go:211.24,213.4 1 1
github.com/pakkasys/fluidapi/core/client/url.go:214.3,216.17 3 1
github.com/pakkasys/fluidapi/core/client/url.go:216.17,218.4 1 1
github.com/pakkasys/fluidapi/core/client/url.go:220.2,220.19 1 1
github.com/pakkasys/fluidapi/core/client/url.go:223.74,225.67 2 1
github.com/pakkasys/fluidapi/core/client/url.go:225.67,227.3 1 1
github.com/pakkasys/fluidapi/core/client/url.go:228.2,229.12 2 1
github.com/pakkasys/fluidapi/core/client/url.go:236.9,238.16 2 1
github.com/pakkasys/fluidapi/core/client/url.go:238.16,240.3 1 1
github.com/pakkasys/fluidapi/core/client/url.go:241.2,242.16 2 1
github.com/pakkasys/fluidapi/core/client/url.go:242.16,244.3 1 1
github.com/pakkasys/fluidapi/core/client/url.go:245.2,247.12 3 1
github.com/pakkasys/fluidapi/core/client/url.go:253.27,255.67 2 1
github.com/pakkasys/fluidapi/core/client/url.go:255.67,257.3 1 1
github.com/pakkasys/fluidapi/core/client/url.go:259.2,259.33 1 1
github.com/pakkasys/fluidapi/core/client/url.go:259.33,261.3 1 1
github.com/pakkasys/fluidapi/core/client/url.go:262.2,262.30 1 1
github.com/pakkasys/fluidapi/core/client/url.go:265.74,267.9 2 1
github.com/pakkasys/fluidapi/core/client/url.go:267.9,269.3 1 1
github.com/pakkasys/fluidapi/core/client/url.go:270.2,271.9 2 1
github.com/pakkasys/fluidapi/core/client/url.go:271.9,273.3 1 1
github.com/pakkasys/fluidapi/core/client/url.go:274.2,274.18 1 1
github.com/pakkasys/fluidapi/core/client/url.go:280.27,282.16 2 1
github.com/pakkasys/fluidapi/core/client/url.go:282.16,284.3 1 1
github.com/pakkasys/fluidapi/core/client/url.go:285.2,286.16 2 1
github.com/pakkasys/fluidapi/core/client/url.go:286.16,288.3 1 1
github.com/pakkasys/fluidapi/core/client/url.go:290.2,291.13 2 1
github.com/pakkasys/fluidapi/core/client/url.go:291.13,294.3 2 1
github.com/pakkasys/fluidapi/core/client/url.go:296.2,297.9 2 1
github.com/pakkasys/fluidapi/core/client/url.go:297.9,299.3 1 1
github.com/pakkasys/fluidapi/core/client/url.go:300.2,301.24 2 1
github.com/pakkasys/fluidapi/core/client/url.go:304.64,305.26 1 1
github.com/pakkasys/fluidapi/core/client/url.go:305.26,307.3 1 1
github.com/pakkasys/fluidapi/core/client/url.go:309.2,312.16 3 1
github.com/pakkasys/fluidapi/core/client/url.go:312.16,314.3 1 1
github.com/pakkasys/fluidapi/core/client/url.go:315.2,315.28 1 1
github.com/pakkasys/fluidapi/core/client/url.go:321.22,322.38 1 1
github.com/pakkasys/fluidapi/core/client/url.go:322.38,324.3 1 1
github.com/pakkasys/fluidapi/core/client/url.go:325.2,326.9 2 1
github.com/pakkasys/fluidapi/core/client/url.go:326.9,328.3 1 1
github.com/pakkasys/fluidapi/core/client/url.go:329.2,329.44 1 1
github.com/pakkasys/fluidapi/core/client/url.go:329.44,334.3 1 1
github.com/pakkasys/fluidapi/core/client/url.go:335.2,335.22 1 1
github.com/pakkasys/fluidapi/core/client/util.go:30.33,31.51 1 1
github.com/pakkasys/fluidapi/core/client/util.go:31.51,33.3 1 1
github.com/pakkasys/fluidapi/core/client/util.go:35.2,36.16 2 1
github.com/pakkasys/fluidapi/core/client/util.go:36.16,38.3 1 1
github.com/pakkasys/fluidapi/core/client/util.go:40.2,41.16 2 1
github.com/pakkasys/fluidapi/core/client/util.go:41.16,43.3 1 1
github.com/pakkasys/fluidapi/core/client/util.go:45.2,52.16 2 1
github.com/pakkasys/fluidapi/core/client/util.go:52.16,54.3 1 1
github.com/pakkasys/fluidapi/core/client/util.go:56.2,57.16 2 1
github.com/pakkasys/fluidapi/core/client/util.go:57.16,59.3 1 1
github.com/pakkasys/fluidapi/core/client/util.go:61.2,62.16 2 1
github.com/pakkasys/fluidapi/core/client/util.go:62.16,64.3 1 1
github.com/pakkasys/fluidapi/core/client/util.go:66.2,66.48 1 1
github.com/pakkasys/fluidapi/core/client/util.go:75.26,77.23 2 1
github.com/pakkasys/fluidapi/core/client/util.go:77.23,79.3 1 1
github.com/pakkasys/fluidapi/core/client/util.go:81.2,82.16 2 1
github.com/pakkasys/fluidapi/core/client/util.go:82.16,84.3 1 1
github.com/pakkasys/fluidapi/core/client/util.go:86.2,86.34 1 1
github.com/pakkasys/fluidapi/core/client/util.go:86.34,88.3 1 1
github.com/pakkasys/fluidapi/core/client/util.go:89.2,89.33 1 1
github.com/pakkasys/fluidapi/core/client/util.go:89.33,91.3 1 1
github.com/pakkasys/fluidapi/core/client/util.go:93.2,93.17 1 1
github.com/pakkasys/fluidapi/core/client/util.go:96.51,97.17 1 1
github.com/pakkasys/fluidapi/core/client/util.go:97.17,99.3 1 1
github.com/pakkasys/fluidapi/core/client/util.go:101.2,102.16 2 1
github.com/pakkasys/fluidapi/core/client/util.go:102.16,104.3 1 1
github.com/pakkasys/fluidapi/core/client/util.go:106.2,106.40 1 1
github.com/pakkasys/fluidapi/core/client/util.go:113.20,116.29 2 1
github.com/pakkasys/fluidapi/core/client/util.go:116.29,118.3 1 1
github.com/pakkasys/fluidapi/core/client/util.go:118.8,120.17 2 1
github.com/pakkasys/fluidapi/core/client/util.go:120.17,122.4 1 1
github.com/pakkasys/fluidapi/core/client/util.go:123.3,124.23 2 1
github.com/pakkasys/fluidapi/core/client/util.go:128.62,129.18 1 1
github.com/pakkasys/fluidapi/core/client/util.go:129.18,131.3 1 1
github.com/pakkasys/fluidapi/core/client/util.go:133.2,134.32 2 1
github.com/pakkasys/fluidapi/core/client/util.go:134.32,136.17 2 1
github.com/pakkasys/fluidapi/core/client/util.go:136.17,138.4 1 1
github.com/pakkasys/fluidapi/core/client/util.go:141.2,142.24 2 1
github.com/pakkasys/fluidapi/core/client/util.go:145.72,149.16 3 1
github.com/pakkasys/fluidapi/core/client/util.go:149.16,151.3 1 1
github.com/pakkasys/fluidapi/core/client/util.go:153.2,153.53 1 1
github.com/pakkasys/fluidapi/core/client/util.go:153.53,155.3 1 1
github.com/pakkasys/fluidapi/core/client/util.go:157.2,157.20 1 1
github.com/pakkasys/fluidapi/core/client/util.go:160.65,161.18 1 1
github.com/pakkasys/fluidapi/core/client/util.go:161.18,163.3 1 1
github.com/pakkasys/fluidapi/core/client/util.go:166.2,177.43 8 1
github.com/pakkasys/fluidapi/core/client/util.go:177.43,189.17 4 1
github.com/pakkasys/fluidapi/core/client/util.go:189.17,191.4 1 1
github.com/pakkasys/fluidapi/core/client/util.go:192.3,192.27 1 1
github.com/pakkasys/fluidapi/core/client/util.go:195.2,200.8 1 1
github.com/pakkasys/fluidapi/core/client/util.go:205.54,206.16 1 1
github.com/pakkasys/fluidapi/core/client/util.go:207.22,208.20 1 1
github.com/pakkasys/fluidapi/core/client/util.go:209.76,210.21 1 1
github.com/pakkasys/fluidapi/core/client/util.go:211.10,212.21 1 1
github.com/pakkasys/fluidapi/core/client/util.go:226.26,229.21 2 1
github.com/pakkasys/fluidapi/core/client/util.go:229.21,231.3 1 1
github.com/pakkasys/fluidapi/core/client/util.go:234.2,245.3 1 1
github.com/pakkasys/fluidapi/core/client/util.go:249.66,251.25 2 1
github.com/pakkasys/fluidapi/core/client/util.go:251.25,253.3 1 1
github.com/pakkasys/fluidapi/core/client/util.go:254.2,254.22 1 1
github.com/pakkasys/fluidapi/core/client/util.go:258.49,259.22 1 1
github.com/pakkasys/fluidapi/core/client/util.go:260.20,261.22 1 1
github.com/pakkasys/fluidapi/core/client/util.go:262.22,263.24 1 1
github.com/pakkasys/fluidapi/core/client/util.go:264.78,265.21 1 1
github.com/pakkasys/fluidapi/core/client/util.go:266.83,267.22 1 1
github.com/pakkasys/fluidapi/core/client/util.go:268.40,269.23 1 1
github.com/pakkasys/fluidapi/core/client/util.go:270.10,271.27 1 1
github.com/pakkasys/fluidapi/core/client/util.go:285.26,286.19 1 1
github.com/pakkasys/fluidapi/core/client/util.go:287.18,288.39 1 1
github.com/pakkasys/fluidapi/core/client/util.go:289.19,290.30 1 1
github.com/pakkasys/fluidapi/core/client/util.go:291.22,292.52 1 1
github.com/pakkasys/fluidapi/core/client/util.go:293.22,300.4 1 1
github.com/pakkasys/fluidapi/core/client/util.go:301.10,302.66 1 1
github.com/pakkasys/fluidapi/core/client/util.go:304.2,304.21 1 1
github.com/pakkasys/fluidapi/core/server/http.go:31.39,33.2 1 1
github.com/pakkasys/fluidapi/core/server/http.go:46.11,51.2 1 1
github.com/pakkasys/fluidapi/core/server/http.go:53.65,60.12 3 1
github.com/pakkasys/fluidapi/core/server/http.go:60.12,63.48 3 1
github.com/pakkasys/fluidapi/core/server/http.go:63.48,67.4 3 1
github.com/pakkasys/fluidapi/core/server/http.go:67.9,69.4 1 1
github.com/pakkasys/fluidapi/core/server/http.go:73.2,80.45 5 1
github.com/pakkasys/fluidapi/core/server/http.go:80.45,82.3 1 1
github.com/pakkasys/fluidapi/core/server/http.go:84.2,85.18 2 1
github.com/pakkasys/fluidapi/core/server/http.go:92.18,96.29 3 1
github.com/pakkasys/fluidapi/core/server/http.go:96.29,107.3 3 1
github.com/pakkasys/fluidapi/core/server/http.go:109.2,109.12 1 1
github.com/pakkasys/fluidapi/core/server/http.go:117.20,118.54 1 1
github.com/pakkasys/fluidapi/core/server/http.go:118.54,119.45 1 1
github.com/pakkasys/fluidapi/core/server/http.go:119.45,122.4 2 1
github.com/pakkasys/fluidapi/core/server/http.go:123.3,123.27 1 1
github.com/pakkasys/fluidapi/core/server/http.go:123.27,129.4 1 1
github.com/pakkasys/fluidapi/core/server/http.go:130.3,134.4 1 1
github.com/pakkasys/fluidapi/core/server/http.go:140.20,141.54 1 1
github.com/pakkasys/fluidapi/core/server/http.go:141.54,148.3 2 1
github.com/pakkasys/fluidapi/core/server/http.go:151.50,153.19 2 1
github.com/pakkasys/fluidapi/core/server/http.go:153.19,155.3 1 1
github.com/pakkasys/fluidapi/core/server/http.go:156.2,156.13 1 1
github.com/pakkasys/fluidapi/core/server/http.go:162.24,164.31 2 1
github.com/pakkasys/fluidapi/core/server/http.go:164.31,167.28 3 1
github.com/pakkasys/fluidapi/core/server/http.go:167.28,169.4 1 1
github.com/pakkasys/fluidapi/core/server/http.go:171.3,177.8 1 1
github.com/pakkasys/fluidapi/core/server/http.go:177.9,178.7 0 1
github.com/pakkasys/fluidapi/core/server/http.go:185.2,185.18 1 1
github.com/pakkasys/fluidapi/core/server/http.go:191.16,192.71 1 1
github.com/pakkasys/fluidapi/core/server/http.go:192.71,193.16 1 1
github.com/pakkasys/fluidapi/core/server/http.go:193.16,194.36 1 1
github.com/pakkasys/fluidapi/core/server/http.go:194.36,195.29 1 1
github.com/pakkasys/fluidapi/core/server/http.go:195.29,200.6 1 1
github.com/pakkasys/fluidapi/core/server/http.go:201.5,205.6 1 1
github.com/pakkasys/fluidapi/core/server/http.go:209.3,209.23 1 1
github.com/pakkasys/fluidapi/core/server/http.go:213.33,216.6 3 1
github.com/pakkasys/fluidapi/core/server/http.go:216.6,218.10 2 1
github.com/pakkasys/fluidapi/core/server/http.go:218.10,219.9 1 1
github.com/pakkasys/fluidapi/core/server/http.go:222.3,226.9 4 1
github.com/pakkasys/fluidapi/core/server/http.go:228.2,228.19 1 1
